[MHPI_DL_ERROR]simv: undefined symbol: mhpi_skipFileReset
[MHPI_DL_ERROR]simv: undefined symbol: mhpi_addCheckpointFileCB
ANF: vcsd_get_spice_hier_by_vpi(dlerror='simv: undefined symbol: vcsd_get_spice_hier_by_vpi')
ANF: tf_register_processrestart(dlerror='simv: undefined symbol: tf_register_processrestart')
ANF: vcsd_has_any_dynamic_dim(dlerror='simv: undefined symbol: vcsd_has_any_dynamic_dim')
ANF: vcsd_is_low_power_assertion_checker(dlerror='simv: undefined symbol: vcsd_is_low_power_assertion_checker')
ANF: vcsd_get_power_scope_name(dlerror='simv: undefined symbol: vcsd_get_power_scope_name')
ANF: vcsd_dump_network(dlerror='simv: undefined symbol: vcsd_dump_network')
ANF: vcsd_register_openSignatureData(dlerror='simv: undefined symbol: vcsd_register_openSignatureData')
ANF: vcsd_flush_SignatureData(dlerror='simv: undefined symbol: vcsd_flush_SignatureData')
ANF: vcsd_close_SignatureData(dlerror='simv: undefined symbol: vcsd_close_SignatureData')
ANF: vcsd_node_check_initial_force(dlerror='simv: undefined symbol: vcsd_node_check_initial_force')
ANF: vcsd_node_check_callback(dlerror='simv: undefined symbol: vcsd_node_check_callback')
ANF: vcsd_node_register_callback(dlerror='simv: undefined symbol: vcsd_node_register_callback')
ANF: vcsd_node_remove_callback(dlerror='simv: undefined symbol: vcsd_node_remove_callback')
ANF: vcsd_node_varInfo(dlerror='simv: undefined symbol: vcsd_node_varInfo')
ANF: vcsd_node_Ei_Cn_Fn(dlerror='simv: undefined symbol: vcsd_node_Ei_Cn_Fn')
ANF: vcsd_get_max_Fn(dlerror='simv: undefined symbol: vcsd_get_max_Fn')
ANF: vcsd_node_value_pointer(dlerror='simv: undefined symbol: vcsd_node_value_pointer')
ANF: vcsd_free_value_pointer(dlerror='simv: undefined symbol: vcsd_free_value_pointer')
ANF: vcsd_value_pointer_to_fhdb_value(dlerror='simv: undefined symbol: vcsd_value_pointer_to_fhdb_value')
ANF: vcsd_remove_all_callback(dlerror='simv: undefined symbol: vcsd_remove_all_callback')
ANF: vcsd_check_secondary_initDeposit(dlerror='simv: undefined symbol: vcsd_check_secondary_initDeposit')
ANF: vcsd_register_forceVcsBoundary(dlerror='simv: undefined symbol: vcsd_register_forceVcsBoundary')
ANF: vcsd_register_forceSecondary(dlerror='simv: undefined symbol: vcsd_register_forceSecondary')
ANF: vcsd_register_dumpRoot(dlerror='simv: undefined symbol: vcsd_register_dumpRoot')
ANF: vcsd_register_addNewMaster(dlerror='simv: undefined symbol: vcsd_register_addNewMaster')
ANF: vcsd_register_assignSlaveToNewMaster(dlerror='simv: undefined symbol: vcsd_register_assignSlaveToNewMaster')
ANF: vcsd_register_1st_rfn_cbk(dlerror='simv: undefined symbol: vcsd_register_1st_rfn_cbk')
ANF: vcsd_register_2nd_rfn_cbk(dlerror='simv: undefined symbol: vcsd_register_2nd_rfn_cbk')
ANF: vcsd_is_boundary(dlerror='simv: undefined symbol: vcsd_is_boundary')
ANF: vcsd_register_1st_non_network(dlerror='simv: undefined symbol: vcsd_register_1st_non_network')
ANF: vcsd_register_1st_primary_master(dlerror='simv: undefined symbol: vcsd_register_1st_primary_master')
ANF: vcsd_register_1st_primary_slave(dlerror='simv: undefined symbol: vcsd_register_1st_primary_slave')
ANF: vcsd_register_1st_secondary_master_confirm(dlerror='simv: undefined symbol: vcsd_register_1st_secondary_master_confirm')
ANF: vcsd_register_1st_secondary_master_defer(dlerror='simv: undefined symbol: vcsd_register_1st_secondary_master_defer')
ANF: vcsd_register_1st_secondary_slave_masterConfirmedSecondary(dlerror='simv: undefined symbol: vcsd_register_1st_secondary_slave_masterConfirmedSecondary')
ANF: vcsd_register_1st_secondary_slave_masterDeferredSecondary(dlerror='simv: undefined symbol: vcsd_register_1st_secondary_slave_masterDeferredSecondary')
ANF: vcsd_dump_var_vpdg(dlerror='simv: undefined symbol: vcsd_dump_var_vpdg')
ANF: vcsd_register_2nd_secondary_master_remainSecondary(dlerror='simv: undefined symbol: vcsd_register_2nd_secondary_master_remainSecondary')
ANF: vcsd_register_2nd_secondary_master_becomePrimary(dlerror='simv: undefined symbol: vcsd_register_2nd_secondary_master_becomePrimary')
ANF: vcsd_second_traverse(dlerror='simv: undefined symbol: vcsd_second_traverse')
ANF: vcsd_begin_no_value_var_info(dlerror='simv: undefined symbol: vcsd_begin_no_value_var_info')
ANF: vcsd_end_no_value_var_info(dlerror='simv: undefined symbol: vcsd_end_no_value_var_info')
ANF: vcsd_get_value_ptr(dlerror='simv: undefined symbol: vcsd_get_value_ptr')
ANF: vcsd_get_value_type_from_value_ptr(dlerror='simv: undefined symbol: vcsd_get_value_type_from_value_ptr')
ANF: vcsd_mem_value_pointer_to_fhdb_value(dlerror='simv: undefined symbol: vcsd_mem_value_pointer_to_fhdb_value')
ANF: vcsd_is_nettype_array_value_ptr(dlerror='simv: undefined symbol: vcsd_is_nettype_array_value_ptr')
ANF: vcs_get_v2v_id_for_verdi(dlerror='simv: undefined symbol: vcs_get_v2v_id_for_verdi')
ANF: scsd_xprop_is_enabled(dlerror='simv: undefined symbol: scsd_xprop_is_enabled')
ANF: scsd_xprop_sig_is_promoted(dlerror='simv: undefined symbol: scsd_xprop_sig_is_promoted')
ANF: scsd_xprop_int_xvalue(dlerror='simv: undefined symbol: scsd_xprop_int_xvalue')
ANF: scsd_xprop_bool_xvalue(dlerror='simv: undefined symbol: scsd_xprop_bool_xvalue')
ANF: scsd_xprop_enum_xvalue(dlerror='simv: undefined symbol: scsd_xprop_enum_xvalue')
ANF: msvEnableDumpingMode(dlerror='simv: undefined symbol: msvEnableDumpingMode')
ANF: msvIsSpiceEngineReady(dlerror='simv: undefined symbol: msvIsSpiceEngineReady')
ANF: msvSetAddProbeCallback(dlerror='simv: undefined symbol: msvSetAddProbeCallback')
ANF: msvGetInstHandle(dlerror='simv: undefined symbol: msvGetInstHandle')
ANF: msvGetProbeByInst(dlerror='simv: undefined symbol: msvGetProbeByInst')
ANF: msvGetSigHandle(dlerror='simv: undefined symbol: msvGetSigHandle')
ANF: msvGetProbeBySig(dlerror='simv: undefined symbol: msvGetProbeBySig')
ANF: msvGetProbeInfo(dlerror='simv: undefined symbol: msvGetProbeInfo')
ANF: msvRelease(dlerror='simv: undefined symbol: msvRelease')
ANF: msvSetVcCallbackFunc(dlerror='simv: undefined symbol: msvSetVcCallbackFunc')
ANF: msvCheckVcCallback(dlerror='simv: undefined symbol: msvCheckVcCallback')
ANF: msvAddVcCallback(dlerror='simv: undefined symbol: msvAddVcCallback')
ANF: msvRemoveVcCallback(dlerror='simv: undefined symbol: msvRemoveVcCallback')
ANF: msvGetLatestValue(dlerror='simv: undefined symbol: msvGetLatestValue')
ANF: msvSetEndofSimCallback(dlerror='simv: undefined symbol: msvSetEndofSimCallback')
ANF: PI_ace_get_output_time_unit(dlerror='simv: undefined symbol: PI_ace_get_output_time_unit')
ANF: PI_ace_sim_sync(dlerror='simv: undefined symbol: PI_ace_sim_sync')
Chronologic Simulation VCS Release I-2014.03_Full64
Linux 2.6.32-573.el6.x86_64 #1 SMP Wed Jul 1 18:23:37 EDT 2015 x86_64
CPU cores: 2
Limit information:
======================================
cputime			unlimited
filesize		unlimited
datasize		unlimited
stacksize		65536 kbytes
coredumpsize	0 kbytes
memoryuse		unlimited
vmemoryuse		unlimited
descriptors		1024
memorylocked	64 kbytes
maxproc			1024
======================================
(Special)Runtime environment variables:

Runtime environment variables:
DFT_HOME=/opt/Mentor/Tessent2013/
ORBIT_SOCKETDIR=/tmp/orbit-IC
HOSTNAME=IC
UNAME=/bin/uname
IMSETTINGS_INTEGRATE_DESKTOP=yes
SCRNAME=vcs
VCS_DEPTH=0
SHELL=/bin/bash
Synopsys_Dir=/opt/Synopsys
TERM=xterm
HISTSIZE=1000
XDG_SESSION_COOKIE=a0bfd28e837df0a07240a6770000000b-1587977668.463123-956849970
Concept_dir=/opt/Concept
Laker_HOME=/opt/Synopsys/Laker_OA2015
GTK_RC_FILES=/etc/gtk/gtkrc:/home/IC/.gtkrc-1.2-gnome2
CDS_LOAD_ENV=CSF
WINDOWID=48234500
VCS_LOG_FILE=run.log
QTDIR=/usr/lib64/qt-3.3
QTINC=/usr/lib64/qt-3.3/include
LC_ALL=C
CALIBRE_2013_4_ALLOW_IXL_ON_RHEL6=101010
IMSETTINGS_MODULE=IBus
USER=IC
LD_LIBRARY_PATH=/opt/Synopsys/VCS2014/amd64/lib:/opt/KeySight/ADS2015/lib/linux_x86_64:/opt/KeySight/ADS2015/adsptolemy/lib.linux_x86_64:/opt/KeySight/ADS2015/lib/linux_x86:/opt/KeySight/ADS2015/adsptolemy/lib.linux_x86:/opt/Synopsys/Verdi2015/share/PLI/VCS/linux64/opt/Synopsys/Verdi2015/bin:/opt/Synopsys/VCS2014/bin:/home/IC/Public/DC/bin:/opt/Synopsys/StarRC2015/bin:/opt/Synopsys/PrimeTime2015/bin:/opt/Synopsys/Laker_OA2015/bin:/opt/Synopsys/ICC2016/bin:/opt/Synopsys/Hspice2016/hspice/bin:/opt/Synopsys/Formality2016/bin:/opt/Synopsys/SCL11.11/linux64/bin:/opt/KeySight/ADS2015/bin:/opt/Concept/Symutils/linux23.x86_64:/opt/Concept/SpiceVision:/opt/Concept/SGvision:/opt/Concept/RTLvision:/opt/Concept/Gatevision:/opt/Mentor/Calibre2015/ixl_cal_2015.4_16.11/bin:/opt/Mentor/Tessent2013//bin:/opt/Mentor/ModelSim/modeltech/linux:/opt/Cadence/INNOVUS15/bin:/opt/Cadence/RC11/bin:/opt/Cadence/Incisive14//tools/bin:/opt/Cadence/MMSIM15/tools/spectre/bin:/opt/Cadence/MMSIM15/tools/dfII/bin:/opt/Cadence/MMSIM15/tools/bin:/opt/Cadence/MMSIM15/bin:/opt/Cadence/IC617/tools/plot/bin:/opt/Cadence/IC617/tools/iccraft/bin:/opt/Cadence/IC617/tools/dracula/bin:/opt/Cadence/IC617/tools/dfII/bin:/opt/Cadence/IC617/tools/bin:/opt/Cadence/IC617/share/bin:/home/IC/Public/DC/bin:/opt/Synopsys/Verdi2015/bin:/opt/Synopsys/VCS2014/bin:/home/IC/Public/DC/bin:/opt/Synopsys/StarRC2015/bin:/opt/Synopsys/PrimeTime2015/bin:/opt/Synopsys/Laker_OA2015/bin:/opt/Synopsys/ICC2016/bin:/opt/Synopsys/Hspice2016/hspice/bin:/opt/Synopsys/Formality2016/bin:/opt/Synopsys/SCL11.11/linux64/bin:/usr/lib64/qt-3.3/bin:/usr/local/bin:/usr/bin:/bin:/usr/local/sbin:/usr/sbin:/sbin:/opt/Cadence/IC617/tools/lib/64bit:/home/IC/bin:/home/IC/opt/Cadence/IC617/tools/lib/64bit/
LS_COLORS=rs=0:di=01;34:ln=01;36:mh=00:pi=40;33:so=01;35:do=01;35:bd=40;33;01:cd=40;33;01:or=40;31;01:mi=01;05;37;41:su=37;41:sg=30;43:ca=30;41:tw=30;42:ow=34;42:st=37;44:ex=01;32:*.tar=01;31:*.tgz=01;31:*.arj=01;31:*.taz=01;31:*.lzh=01;31:*.lzma=01;31:*.tlz=01;31:*.txz=01;31:*.zip=01;31:*.z=01;31:*.Z=01;31:*.dz=01;31:*.gz=01;31:*.lz=01;31:*.xz=01;31:*.bz2=01;31:*.tbz=01;31:*.tbz2=01;31:*.bz=01;31:*.tz=01;31:*.deb=01;31:*.rpm=01;31:*.jar=01;31:*.rar=01;31:*.ace=01;31:*.zoo=01;31:*.cpio=01;31:*.7z=01;31:*.rz=01;31:*.jpg=01;35:*.jpeg=01;35:*.gif=01;35:*.bmp=01;35:*.pbm=01;35:*.pgm=01;35:*.ppm=01;35:*.tga=01;35:*.xbm=01;35:*.xpm=01;35:*.tif=01;35:*.tiff=01;35:*.png=01;35:*.svg=01;35:*.svgz=01;35:*.mng=01;35:*.pcx=01;35:*.mov=01;35:*.mpg=01;35:*.mpeg=01;35:*.m2v=01;35:*.mkv=01;35:*.ogm=01;35:*.mp4=01;35:*.m4v=01;35:*.mp4v=01;35:*.vob=01;35:*.qt=01;35:*.nuv=01;35:*.wmv=01;35:*.asf=01;35:*.rm=01;35:*.rmvb=01;35:*.flc=01;35:*.avi=01;35:*.fli=01;35:*.flv=01;35:*.gl=01;35:*.dl=01;35:*.xcf=01;35:*.xwd=01;35:*.yuv=01;35:*.cgm=01;35:*.emf=01;35:*.axv=01;35:*.anx=01;35:*.ogv=01;35:*.ogx=01;35:*.aac=01;36:*.au=01;36:*.flac=01;36:*.mid=01;36:*.midi=01;36:*.mka=01;36:*.mp3=01;36:*.mpc=01;36:*.ogg=01;36:*.ra=01;36:*.wav=01;36:*.axa=01;36:*.oga=01;36:*.spx=01;36:*.xspf=01;36:
Formality_HOME=/opt/Synopsys/Formality2016
ADS_HOME=/opt/KeySight/ADS2015
SCRIPT_NAME=vcs
VCS_MX_HOME_INTERNAL=1
GNOME_KEYRING_SOCKET=/tmp/keyring-0i0yYk/socket
SSH_AUTH_SOCK=/tmp/keyring-0i0yYk/socket.ssh
SESSION_MANAGER=local/unix:@/tmp/.ICE-unix/3552,unix/unix:/tmp/.ICE-unix/3552
USERNAME=IC
SNPSLMD_LICENSE_FILE=/opt/Synopsys/License/License.dat:/opt/Synopsys/VCS2014/flexlm//license.dat
Hspice_HOME=/opt/Synopsys/Hspice2016
OVA_UUM=0
Synplify_HOME=/home/IC/Public/DC
VCS_MODE_FLAG=64
Virtuoso_HOME=/opt/Cadence/IC617
Incisive_HOME=/opt/Cadence/Incisive14/
PATH=.:/opt/KeySight/ADS2015/bin:/opt/Concept/Symutils/linux23.x86_64:/opt/Concept/SpiceVision:/opt/Concept/SGvision:/opt/Concept/RTLvision:/opt/Concept/Gatevision:/opt/Mentor/Calibre2015/ixl_cal_2015.4_16.11/bin:/opt/Mentor/Tessent2013//bin:/opt/Mentor/ModelSim/modeltech/linux:/opt/Cadence/INNOVUS15/bin:/opt/Cadence/RC11/bin:/opt/Cadence/Incisive14//tools/bin:/opt/Cadence/MMSIM15/tools/spectre/bin:/opt/Cadence/MMSIM15/tools/dfII/bin:/opt/Cadence/MMSIM15/tools/bin:/opt/Cadence/MMSIM15/bin:/opt/Cadence/IC617/tools/plot/bin:/opt/Cadence/IC617/tools/iccraft/bin:/opt/Cadence/IC617/tools/dracula/bin:/opt/Cadence/IC617/tools/dfII/bin:/opt/Cadence/IC617/tools/bin:/opt/Cadence/IC617/share/bin:/home/IC/Public/DC/bin:/opt/Synopsys/Verdi2015/bin:/opt/Synopsys/VCS2014/bin:/home/IC/Public/DC/bin:/opt/Synopsys/StarRC2015/bin:/opt/Synopsys/PrimeTime2015/bin:/opt/Synopsys/Laker_OA2015/bin:/opt/Synopsys/ICC2016/bin:/opt/Synopsys/Hspice2016/hspice/bin:/opt/Synopsys/Formality2016/bin:/opt/Synopsys/SCL11.11/linux64/bin:/opt/KeySight/ADS2015/bin:/opt/Concept/Symutils/linux23.x86_64:/opt/Concept/SpiceVision:/opt/Concept/SGvision:/opt/Concept/RTLvision:/opt/Concept/Gatevision:/opt/Mentor/Calibre2015/ixl_cal_2015.4_16.11/bin:/opt/Mentor/Tessent2013//bin:/opt/Mentor/ModelSim/modeltech/linux:/opt/Cadence/INNOVUS15/bin:/opt/Cadence/RC11/bin:/opt/Cadence/Incisive14//tools/bin:/opt/Cadence/MMSIM15/tools/spectre/bin:/opt/Cadence/MMSIM15/tools/dfII/bin:/opt/Cadence/MMSIM15/tools/bin:/opt/Cadence/MMSIM15/bin:/opt/Cadence/IC617/tools/plot/bin:/opt/Cadence/IC617/tools/iccraft/bin:/opt/Cadence/IC617/tools/dracula/bin:/opt/Cadence/IC617/tools/dfII/bin:/opt/Cadence/IC617/tools/bin:/opt/Cadence/IC617/share/bin:/home/IC/Public/DC/bin:/opt/Synopsys/Verdi2015/bin:/opt/Synopsys/VCS2014/bin:/home/IC/Public/DC/bin:/opt/Synopsys/StarRC2015/bin:/opt/Synopsys/PrimeTime2015/bin:/opt/Synopsys/Laker_OA2015/bin:/opt/Synopsys/ICC2016/bin:/opt/Synopsys/Hspice2016/hspice/bin:/opt/Synopsys/Formality2016/bin:/opt/Synopsys/SCL11.11/linux64/bin:/usr/lib64/qt-3.3/bin:/usr/local/bin:/usr/bin:/bin:/usr/local/sbin:/usr/sbin:/sbin:/opt/Cadence/IC617/tools/lib/64bit:/home/IC/bin:/home/IC/opt/Cadence/IC617/tools/lib/64bit/
MAIL=/var/spool/mail/IC
DESKTOP_SESSION=gnome
QT_IM_MODULE=ibus
Verdi_HOME=/opt/Synopsys/Verdi2015
PrimeTime_HOME=/opt/Synopsys/PrimeTime2015
CALIBRE_HOME=/opt/Mentor/Calibre2015/ixl_cal_2015.4_16.11
PWD=/home/IC/Desktop/FIFO_Verdi/sim
Cadence_Dir=/opt/Cadence
XMODIFIERS=@im=ibus
VCS_HOME=/opt/Synopsys/VCS2014
GDM_KEYBOARD_LAYOUT=us
LANG=en_US.UTF-8
GNOME_KEYRING_PID=3540
GDM_LANG=en_US.UTF-8
AGILEESOFD_LICENSE_FILE=/opt/KeySight/ADS2015/License/license.lic
OA_HOME=/opt/Cadence/IC617/oa_v22.50.043
ICC_HOME=/opt/Synopsys/ICC2016
VMR_MODE_FLAG=64
GDMSESSION=gnome
LM_LICENSE_FILE=/opt/Concept/License/License.dat
CDS_Netlisting_Mode=Digital
HISTCONTROL=ignoredups
SSH_ASKPASS=/usr/libexec/openssh/gnome-ssh-askpass
Encounter_HOME=/opt/Cadence/INNOVUS15
VCS_ARG_ADDED_FOR_TMP=1
SNPS_VCS_TMPDIR=/tmp/vcs_20200428143910_77141
HOME=/home/IC
SHLVL=3
MGC_HOME=/opt/Mentor/Calibre2015/ixl_cal_2015.4_16.11
GNOME_DESKTOP_SESSION_ID=this-is-deprecated
MDS_HOME=/opt/Mentor/ModelSim/modeltech/bin:/opt/Cadence/INNOVUS15/bin:/opt/Cadence/RC11/bin:/opt/Cadence/Incisive14//tools/bin:/opt/Cadence/MMSIM15/tools/spectre/bin:/opt/Cadence/MMSIM15/tools/dfII/bin:/opt/Cadence/MMSIM15/tools/bin:/opt/Cadence/MMSIM15/bin:/opt/Cadence/IC617/tools/plot/bin:/opt/Cadence/IC617/tools/iccraft/bin:/opt/Cadence/IC617/tools/dracula/bin:/opt/Cadence/IC617/tools/dfII/bin:/opt/Cadence/IC617/tools/bin:/opt/Cadence/IC617/share/bin:/home/IC/Public/DC/bin:/opt/Synopsys/Verdi2015/bin:/opt/Synopsys/VCS2014/bin:/home/IC/Public/DC/bin:/opt/Synopsys/StarRC2015/bin:/opt/Synopsys/PrimeTime2015/bin:/opt/Synopsys/Laker_OA2015/bin:/opt/Synopsys/ICC2016/bin:/opt/Synopsys/Hspice2016/hspice/bin:/opt/Synopsys/Formality2016/bin:/opt/Synopsys/SCL11.11/linux64/bin:/opt/KeySight/ADS2015/bin:/opt/Concept/Symutils/linux23.x86_64:/opt/Concept/SpiceVision:/opt/Concept/SGvision:/opt/Concept/RTLvision:/opt/Concept/Gatevision:/opt/Mentor/Calibre2015/ixl_cal_2015.4_16.11/bin:/opt/Mentor/Tessent2013//bin:/opt/Mentor/ModelSim/modeltech/linux:/opt/Cadence/INNOVUS15/bin:/opt/Cadence/RC11/bin:/opt/Cadence/Incisive14//tools/bin:/opt/Cadence/MMSIM15/tools/spectre/bin:/opt/Cadence/MMSIM15/tools/dfII/bin:/opt/Cadence/MMSIM15/tools/bin:/opt/Cadence/MMSIM15/bin:/opt/Cadence/IC617/tools/plot/bin:/opt/Cadence/IC617/tools/iccraft/bin:/opt/Cadence/IC617/tools/dracula/bin:/opt/Cadence/IC617/tools/dfII/bin:/opt/Cadence/IC617/tools/bin:/opt/Cadence/IC617/share/bin:/home/IC/Public/DC/bin:/opt/Synopsys/Verdi2015/bin:/opt/Synopsys/VCS2014/bin:/home/IC/Public/DC/bin:/opt/Synopsys/StarRC2015/bin:/opt/Synopsys/PrimeTime2015/bin:/opt/Synopsys/Laker_OA2015/bin:/opt/Synopsys/ICC2016/bin:/opt/Synopsys/Hspice2016/hspice/bin:/opt/Synopsys/Formality2016/bin:/opt/Synopsys/SCL11.11/linux64/bin:/usr/lib64/qt-3.3/bin:/usr/local/bin:/usr/bin:/bin:/usr/local/sbin:/usr/sbin:/sbin:/opt/Cadence/IC617/tools/lib/64bit:/home/IC/bin:/home/IC/opt/Cadence/IC617/tools/lib/64bit/
CDS_AUTO_64BIT=ALL
VCS_COM=/opt/Synopsys/VCS2014/amd64/bin/vcs1
LOGNAME=IC
Mentor_Dir=/opt/Mentor
QTLIB=/usr/lib64/qt-3.3/lib
CVS_RSH=ssh
MGLS_LICENSE_FILE=/opt/Mentor/License/License.dat
DBUS_SESSION_BUS_ADDRESS=unix:abstract=/tmp/dbus-H3t4HbBPhq,guid=68269c02d52d23f0f99243b000000072
CDS_LIC_FILE=/opt/Cadence/License/License.dat
LESSOPEN=||/usr/bin/lesspipe.sh %s
SCL_HOME=/opt/Synopsys/SCL11.11
sysc_uni_pwd=/home/IC/Desktop/FIFO_Verdi/sim
WINDOWPATH=1
DISPLAY=:0.0
VCS_ARCH=amd64
LC_HOME=/home/IC/Public/DC
MMSIM_HOME=/opt/Cadence/MMSIM15
TOOL_HOME=/opt/Synopsys/VCS2014/amd64
StarRC_HOME=/opt/Synopsys/StarRC2015
RC_HOME=/opt/Cadence/RC11
G_BROKEN_FILENAMES=1
COLORTERM=gnome-terminal
XAUTHORITY=/var/run/gdm/auth-for-IC-tcwJH2/database
_=./simv
VCS_PATHMAP_PRELOAD_DONE=1
DVE=/opt/Synopsys/VCS2014/gui/dve
TCLLIBPATH=/tmp/auxx/tcllib/lib/tcl8.4
SPECMAN_OUTPUT_TO_TTY=1
Runtime command line arguments:
argv[0]=simv
argv[1]=+v2k
argv[2]=+fsdb+autoflush
argv[3]=-a
argv[4]=run.log
197 profile - 100
          CPU/Mem usage: 0.030 sys,  0.230 user,  146.49M sys,  0.00M vm
198 VC callback profile - scalar:0 vector:0
199 Tue Apr 28 22:39:12 2020
200 pliAppInit
201 *Verdi3* : Enable Parallel Dumping.
202 [MHPI_DL_ERROR]simv: undefined symbol: mhpi_skipFileReset
203 [MHPI_DL_ERROR]simv: undefined symbol: mhpi_addCheckpointFileCB
204 pliAppMiscSet: New Sim Round
205 pliEntryInit
206 LIBSSCORE=found /opt/KeySight/ADS2015/bin/libsscore_vcs201403.so through $LD_LIBRARY_PATH setting.
207 FSDB Dumper for VCS, Release Verdi3_K-2015.09-SP1-1, Linux x86_64/64bit, 01/21/2016
208 (C) 1996 - 2016 by Synopsys, Inc.
209 sps_call_fsdbDumpfile at 0 : tb_seq_1011.v(28)
210 argv[0]: seq_1011.fsdb
211 *Verdi3* FSDB WARNING: The FSDB file already exists. Overwriting the FSDB file may crash the programs that are using this file.
212 *Verdi3* : Create FSDB file 'seq_1011.fsdb'
213 sps_call_fsdbDumpvars at 0 : tb_seq_1011.v(29)
214 argv[0]: 0
215 *Verdi3* : Begin traversing the scopes, layer (0).
216 *Verdi3* : End of traversing.
217 fsdbDumpvars traverse var: profile - 
          CPU/Mem usage: 0.030 sys,  0.240 user,  291.55M sys,  0.00M vm
                   incr: 0.000 sys,  0.000 user,  3.19M sys,  0.00M vm
                   accu: 0.000 sys,  0.000 user,  3.19M sys,  0.00M vm
              accu incr: 0.000 sys,  0.000 user,  3.19M sys,  0.00M vm

          Count usage: 10 var,  9 idcode,  9 callback
                 incr: 10 var,  9 idcode,  9 callback
                 accu: 10 var,  9 idcode,  9 callback
            accu incr: 10 var,  9 idcode,  9 callback
218 VC callback profile - scalar:0 vector:0
219 Tue Apr 28 22:39:12 2020
220 fsdbDumpvars: profile - 
          CPU/Mem usage: 0.030 sys,  0.240 user,  294.19M sys,  0.00M vm
                   incr: 0.000 sys,  0.000 user,  2.63M sys,  0.00M vm
                   accu: 0.000 sys,  0.000 user,  5.82M sys,  0.00M vm
              accu incr: 0.000 sys,  0.000 user,  2.63M sys,  0.00M vm

          Count usage: 10 var,  9 idcode,  9 callback
                 incr: 0 var,  0 idcode,  0 callback
                 accu: 10 var,  9 idcode,  9 callback
            accu incr: 0 var,  0 idcode,  0 callback
221 VC callback profile - scalar:7 vector:3
222 Tue Apr 28 22:39:12 2020
223 End of simulation at 1043
224 VC callback profile - scalar:283 vector:153
225 Tue Apr 28 22:39:12 2020
226 Parallel profile    -  Flush:3 ProduceWait:0 ConsumerWait:0 BlockUsed:0
227                        ProduceTime:0.284939623 ConsumerTime:0.000000000
228 SimExit
229 Sim process exit
